quando                    | quem    | balcao | o_que                     | canal_criado/usado 
---------------------------------------------------------------------------------------------
2015-5-28 22:55:22		  | Balcao  | 1      | inicia_mempart            | -                  
2015-5-28 22:55:22		  | Balcao  | 1      | cria_linh_mempart         | /tmp/fb_2448       
2015-5-28 22:55:26		  | Balcao  | 2      | cria_linh_mempart         | /tmp/fb_2450       
2015-5-28 22:55:29		  | Client  | 1      | pede_atendimento          | /tmp/fc_2453       
2015-5-28 22:55:29		  | Balcao  | 1      | inicia_atend_cli          | /tmp/fc_2452       
2015-5-28 22:55:29		  | Balcao  | 1      | inicia_atend_cli          | /tmp/fc_2453       
2015-5-28 22:55:29		  | Client  | 1      | pede_atendimento          | /tmp/fc_2452       
2015-5-28 22:55:29		  | Client  | 2      | pede_atendimento          | /tmp/fc_2454       
2015-5-28 22:55:29		  | Client  | 2      | pede_atendimento          | /tmp/fc_2458       
2015-5-28 22:55:29		  | Client  | 2      | pede_atendimento          | /tmp/fc_2455       
2015-5-28 22:55:29		  | Balcao  | 2      | inicia_atend_cli          | /tmp/fc_2455       
2015-5-28 22:55:29		  | Client  | 2      | pede_atendimento          | /tmp/fc_2456       
2015-5-28 22:55:29		  | Client  | 2      | pede_atendimento          | /tmp/fc_2457       
2015-5-28 22:55:29		  | Balcao  | 2      | inicia_atend_cli          | /tmp/fc_2458       
2015-5-28 22:55:29		  | Balcao  | 2      | inicia_atend_cli          | /tmp/fc_2456       
2015-5-28 22:55:29		  | Balcao  | 2      | inicia_atend_cli          | /tmp/fc_2454       
2015-5-28 22:55:29		  | Client  | 1      | pede_atendimento          | /tmp/fc_2460       
2015-5-28 22:55:29		  | Balcao  | 2      | inicia_atend_cli          | /tmp/fc_2457       
2015-5-28 22:55:29		  | Client  | 1      | pede_atendimento          | /tmp/fc_2469       
2015-5-28 22:55:29		  | Client  | 1      | pede_atendimento          | /tmp/fc_2468       
2015-5-28 22:55:29		  | Client  | 1      | pede_atendimento          | /tmp/fc_2464       
2015-5-28 22:55:29		  | Balcao  | 1      | inicia_atend_cli          | /tmp/fc_2468       
2015-5-28 22:55:29		  | Balcao  | 1      | inicia_atend_cli          | /tmp/fc_2464       
2015-5-28 22:55:29		  | Client  | 1      | pede_atendimento          | /tmp/fc_2475       
2015-5-28 22:55:29		  | Client  | 1      | pede_atendimento          | /tmp/fc_2474       
2015-5-28 22:55:29		  | Balcao  | 1      | inicia_atend_cli          | /tmp/fc_2469       
2015-5-28 22:55:29		  | Balcao  | 1      | inicia_atend_cli          | /tmp/fc_2463       
2015-5-28 22:55:29		  | Balcao  | 1      | inicia_atend_cli          | /tmp/fc_2475       
2015-5-28 22:55:29		  | Client  | 2      | pede_atendimento          | /tmp/fc_2473       
2015-5-28 22:55:29		  | Client  | 2      | pede_atendimento          | /tmp/fc_2470       
2015-5-28 22:55:29		  | Balcao  | 2      | inicia_atend_cli          | /tmp/fc_2473       
2015-5-28 22:55:29		  | Client  | 2      | pede_atendimento          | /tmp/fc_2462       
2015-5-28 22:55:29		  | Client  | 2      | pede_atendimento          | /tmp/fc_2476       
2015-5-28 22:55:29		  | Balcao  | 2      | inicia_atend_cli          | /tmp/fc_2470       
2015-5-28 22:55:29		  | Client  | 1      | pede_atendimento          | /tmp/fc_2463       
2015-5-28 22:55:29		  | Balcao  | 1      | inicia_atend_cli          | /tmp/fc_2460       
2015-5-28 22:55:29		  | Balcao  | 2      | inicia_atend_cli          | /tmp/fc_2462       
2015-5-28 22:55:29		  | Balcao  | 2      | inicia_atend_cli          | /tmp/fc_2476       
2015-5-28 22:55:29		  | Balcao  | 1      | inicia_atend_cli          | /tmp/fc_2474       
2015-5-28 22:55:29		  | Client  | 1      | pede_atendimento          | /tmp/fc_2482       
2015-5-28 22:55:29		  | Client  | 1      | pede_atendimento          | /tmp/fc_2479       
2015-5-28 22:55:29		  | Balcao  | 1      | inicia_atend_cli          | /tmp/fc_2482       
2015-5-28 22:55:29		  | Balcao  | 1      | inicia_atend_cli          | /tmp/fc_2479       
2015-5-28 22:55:30		  | Balcao  | 1      | fim_atend_cli             | /tmp/fc_2452       
2015-5-28 22:55:30		  | Client  | 1      | fim_atendimento           | /tmp/fc_2452       
2015-5-28 22:55:30		  | Balcao  | 2      | fim_atend_cli             | /tmp/fc_2455       
2015-5-28 22:55:30		  | Client  | 2      | fim_atendimento           | /tmp/fc_2455       
2015-5-28 22:55:31		  | Balcao  | 1      | fim_atend_cli             | /tmp/fc_2453       
2015-5-28 22:55:31		  | Client  | 1      | fim_atendimento           | /tmp/fc_2453       
2015-5-28 22:55:31		  | Balcao  | 2      | fim_atend_cli             | /tmp/fc_2458       
2015-5-28 22:55:31		  | Client  | 2      | fim_atendimento           | /tmp/fc_2458       
2015-5-28 22:55:32		  | Balcao  | 2      | fim_atend_cli             | /tmp/fc_2456       
2015-5-28 22:55:32		  | Client  | 2      | fim_atendimento           | /tmp/fc_2456       
2015-5-28 22:55:32		  | Balcao  | 1      | fim_atend_cli             | /tmp/fc_2468       
2015-5-28 22:55:32		  | Client  | 1      | fim_atendimento           | /tmp/fc_2468       
2015-5-28 22:55:33		  | Balcao  | 2      | fim_atend_cli             | /tmp/fc_2454       
2015-5-28 22:55:33		  | Client  | 2      | fim_atendimento           | /tmp/fc_2454       
2015-5-28 22:55:33		  | Balcao  | 1      | fim_atend_cli             | /tmp/fc_2464       
2015-5-28 22:55:33		  | Client  | 1      | fim_atendimento           | /tmp/fc_2464       
2015-5-28 22:55:34		  | Balcao  | 2      | fim_atend_cli             | /tmp/fc_2457       
2015-5-28 22:55:34		  | Client  | 2      | fim_atendimento           | /tmp/fc_2457       
2015-5-28 22:55:34		  | Balcao  | 1      | fim_atend_cli             | /tmp/fc_2469       
2015-5-28 22:55:34		  | Client  | 1      | fim_atendimento           | /tmp/fc_2469       
2015-5-28 22:55:35		  | Balcao  | 1      | fim_atend_cli             | /tmp/fc_2463       
2015-5-28 22:55:35		  | Client  | 1      | fim_atendimento           | /tmp/fc_2463       
2015-5-28 22:55:35		  | Balcao  | 2      | fim_atend_cli             | /tmp/fc_2473       
2015-5-28 22:55:35		  | Client  | 2      | fim_atendimento           | /tmp/fc_2473       
2015-5-28 22:55:36		  | Balcao  | 1      | fim_atend_cli             | /tmp/fc_2475       
2015-5-28 22:55:36		  | Client  | 1      | fim_atendimento           | /tmp/fc_2475       
2015-5-28 22:55:36		  | Balcao  | 2      | fim_atend_cli             | /tmp/fc_2470       
2015-5-28 22:55:36		  | Client  | 2      | fim_atendimento           | /tmp/fc_2470       
2015-5-28 22:55:37		  | Balcao  | 1      | fim_atend_cli             | /tmp/fc_2460       
2015-5-28 22:55:37		  | Balcao  | 2      | fim_atend_cli             | /tmp/fc_2462       
2015-5-28 22:55:37		  | Client  | 1      | fim_atendimento           | /tmp/fc_2460       
2015-5-28 22:55:37		  | Client  | 2      | fim_atendimento           | /tmp/fc_2462       
2015-5-28 22:55:38		  | Balcao  | 2      | fim_atend_cli             | /tmp/fc_2476       
2015-5-28 22:55:38		  | Balcao  | 1      | fim_atend_cli             | /tmp/fc_2474       
2015-5-28 22:55:38		  | Balcao  | 2      | fecha_balcao              | /tmp/fc_2476       
2015-5-28 22:55:38		  | Client  | 2      | fim_atendimento           | /tmp/fc_2476       
2015-5-28 22:55:38		  | Client  | 1      | fim_atendimento           | /tmp/fc_2474       
2015-5-28 22:55:39		  | Balcao  | 1      | fim_atend_cli             | /tmp/fc_2482       
2015-5-28 22:55:39		  | Balcao  | 1      | fim_atend_cli             | /tmp/fc_2479       
2015-5-28 22:55:39		  | Client  | 1      | fim_atendimento           | /tmp/fc_2479       
2015-5-28 22:55:39		  | Client  | 1      | fim_atendimento           | /tmp/fc_2482       
2015-5-28 22:55:43		  | Balcao  | 1      | fecha_balcao              | /tmp/fc_2479       
2015-5-28 22:55:43		  | Balcao  | 1      | fecha_loja                | /tmp/fc_2479       
